2013-03-17T11:34:52+09:00 INFO (6): [DI] BEAR\Sunday\Module\Provider\ApcCacheProvider construct[] setter[setTmpDir]
[DI] MyApp\Module\App\SchemeCollectionProvider construct[] setter[setAppName, setInjector]
[DI] MyApp\Module\App\SchemeCollectionProvider construct[] setter[setAppName, setInjector]
[DI] MyApp\Module\App\SchemeCollectionProvider construct[] setter[setAppName, setInjector]
[DI] BEAR\Resource\Factory construct[BEAR\Resource\SchemeCollection#0000000017f07fb60000000026224714] setter[setSchemeCollection]
[DI] BEAR\Sunday\Module\Provider\CachedReaderProvider construct[] 
[DI] BEAR\Resource\Linker construct[Doctrine\Common\Annotations\CachedReader#0000000017f07f9b000000002622657c] 
[DI] BEAR\Sunday\Module\Provider\SignalProvider construct[] 
[DI] BEAR\Package\Provide\ApplicationLogger\ResourceLog\WritersProvider construct[] setter[setLogDir]
[DI] BEAR\Resource\Logger construct[] setter[setWriter]
[DI] BEAR\Sunday\Module\Provider\ResourceLoggerProvider construct[] setter[setLoggerClassName]
[DI] BEAR\Resource\Invoker construct[Ray\Di\Config#0000000017f07f38000000002622657c, BEAR\Resource\Linker#0000000017f07fbc000000002622657c, Aura\Signal\Manager#0000000017f07ff0000000002622657c] setter[setResourceLogger]
[DI] BEAR\Sunday\Module\Provider\CachedReaderProvider construct[] 
[DI] BEAR\Resource\Linker construct[Doctrine\Common\Annotations\CachedReader#0000000017f07e23000000002622657c] 
[DI] BEAR\Sunday\Module\Provider\SignalProvider construct[] 
[DI] BEAR\Package\Provide\ApplicationLogger\ResourceLog\WritersProvider construct[] setter[setLogDir]
[DI] BEAR\Resource\Logger construct[] setter[setWriter]
[DI] BEAR\Sunday\Module\Provider\ResourceLoggerProvider construct[] setter[setLoggerClassName]
[DI] BEAR\Resource\Invoker construct[Ray\Di\Config#0000000017f07f38000000002622657c, BEAR\Resource\Linker#0000000017f07e24000000002622657c, Aura\Signal\Manager#0000000017f07e2e000000002622657c] setter[setResourceLogger]
[DI] BEAR\Resource\Request construct[BEAR\Resource\Invoker#0000000017f07e30000000002622657c] 
[DI] BEAR\Resource\Resource construct[BEAR\Resource\Factory#0000000017f07fbb000000002622657c, BEAR\Resource\Invoker#0000000017f07fdd000000002622657c, BEAR\Resource\Request#0000000017f07e2f000000002622657c] setter[setCacheAdapter, setSchemeCollection]
[DI] BEAR\Package\Provide\ApplicationLogger\ResourceLog\WritersProvider construct[] setter[setLogDir]
[DI] BEAR\Resource\Logger construct[] setter[setWriter]
[DI] BEAR\Sunday\Module\Provider\ResourceLoggerProvider construct[] setter[setLoggerClassName]
[DI] BEAR\Package\Provide\ApplicationLogger\ApplicationLogger construct[BEAR\Resource\Logger#0000000017f07fc3000000002622657c] 
[DI] BEAR\Package\Provide\ConsoleOutput\ConsoleOutput construct[] 
[DI] BEAR\Package\Module\Log\ZfLogModule\ZfLogProvider construct[] setter[setLogDir]
[DI] BEAR\Package\Provide\WebResponse\HttpFoundation construct[BEAR\Package\Provide\ConsoleOutput\ConsoleOutput#0000000017f07e15000000002622657c] setter[setAppLogger, setLog]
[DI] BEAR\Package\Provide\TemplateEngine\Smarty\SmartyProvider construct[] setter[setTmpDir, setAppDir]
[DI] BEAR\Package\Provide\TemplateEngine\Smarty\SmartyAdapter construct[Smarty#0000000017f07e70000000002622657c] setter[setIsProd]
[DI] BEAR\Package\Provide\ResourceView\TemplateEngineRenderer construct[BEAR\Package\Provide\TemplateEngine\Smarty\SmartyAdapter#0000000017f07e6f000000002622657c] 
[DI] BEAR\Package\Debug\ExceptionHandle\ErrorPage construct[] setter[setRenderer]
[DI] BEAR\Package\Debug\ExceptionHandle\ExceptionHandler construct[(string) /Users/shuhei/Documents/web/BEAR.Sunday2/src/BEAR/Package/Module/ExceptionHandle/template/view.php, BEAR\Package\Provide\WebResponse\HttpFoundation#0000000017f07e62000000002622657c, BEAR\Package\Debug\ExceptionHandle\ErrorPage#0000000017f07e74000000002622657c] setter[setModule, setLogDir]
[DI] BEAR\Package\Provide\ApplicationLogger\ResourceLog\WritersProvider construct[] setter[setLogDir]
[DI] BEAR\Resource\Logger construct[] setter[setWriter]
[DI] BEAR\Sunday\Module\Provider\ResourceLoggerProvider construct[] setter[setLoggerClassName]
[DI] BEAR\Package\Provide\ApplicationLogger\ApplicationLogger construct[BEAR\Resource\Logger#0000000017f07fc3000000002622657c] 
[DI] BEAR\Package\Provide\ApplicationLogger\ResourceLog\WritersProvider construct[] setter[setLogDir]
[DI] BEAR\Resource\Logger construct[] setter[setWriter]
[DI] BEAR\Sunday\Module\Provider\ResourceLoggerProvider construct[] setter[setLoggerClassName]
[DI] BEAR\Package\Provide\ApplicationLogger\ApplicationLogger construct[BEAR\Resource\Logger#0000000017f07fc3000000002622657c] 
[DI] BEAR\Package\Provide\ConsoleOutput\ConsoleOutput construct[] 
[DI] BEAR\Package\Module\Log\ZfLogModule\ZfLogProvider construct[] setter[setLogDir]
[DI] BEAR\Package\Provide\WebResponse\HttpFoundation construct[BEAR\Package\Provide\ConsoleOutput\ConsoleOutput#0000000017f07e4d000000002622657c] setter[setAppLogger, setLog]
[DI] Aura\Router\DefinitionFactory construct[] 
[DI] Aura\Router\RouteFactory construct[] 
[DI] Aura\Router\Map construct[Aura\Router\DefinitionFactory#0000000017f07ea6000000002622657c, Aura\Router\RouteFactory#0000000017f07eb1000000002622657c, ] 
[DI] BEAR\Package\Provide\Router\MinRouter construct[Aura\Router\Map#0000000017f07e5c000000002622657c] 
[DI] MyApp\App construct[Ray\Di\Injector#0000000017f07f35000000002622657c, BEAR\Resource\Resource#0000000017f07e28000000002622657c, BEAR\Package\Debug\ExceptionHandle\ExceptionHandler#0000000017f07e54000000002622657c, BEAR\Package\Provide\ApplicationLogger\ApplicationLogger#0000000017f07e38000000002622657c, BEAR\Package\Provide\WebResponse\HttpFoundation#0000000017f07e53000000002622657c, BEAR\Package\Provide\Router\MinRouter#0000000017f07eaf000000002622657c] 
[DI] BEAR\Package\Module\Log\ZfLogModule\ZfLogProvider construct[] setter[setLogDir]
